[debug] [2024-11-04T23:30:57.858Z] ----------------------------------------------------------------------
[debug] [2024-11-04T23:30:57.861Z] Command:       C:\Program Files\nodejs\node.exe C:\Users\koron\AppData\Roaming\npm\node_modules\firebase-tools\lib\bin\firebase.js init
[debug] [2024-11-04T23:30:57.861Z] CLI Version:   13.20.2
[debug] [2024-11-04T23:30:57.861Z] Platform:      win32
[debug] [2024-11-04T23:30:57.861Z] Node Version:  v22.9.0
[debug] [2024-11-04T23:30:57.861Z] Time:          Tue Nov 05 2024 00:30:57 GMT+0100 (czas środkowoeuropejski standardowy)
[debug] [2024-11-04T23:30:57.862Z] ----------------------------------------------------------------------
[debug] 
[debug] [2024-11-04T23:30:57.874Z] >>> [apiv2][query] GET https://firebase-public.firebaseio.com/cli.json [none]
[debug] [2024-11-04T23:30:57.911Z] > command requires scopes: ["email","openid","https://www.googleapis.com/auth/cloudplatformprojects.readonly","https://www.googleapis.com/auth/firebase","https://www.googleapis.com/auth/cloud-platform"]
[debug] [2024-11-04T23:30:57.912Z] > authorizing via signed-in user (koronski.marek@gmail.com)
[info] 
     ######## #### ########  ######## ########     ###     ######  ########
     ##        ##  ##     ## ##       ##     ##  ##   ##  ##       ##
     ######    ##  ########  ######   ########  #########  ######  ######
     ##        ##  ##    ##  ##       ##     ## ##     ##       ## ##
     ##       #### ##     ## ######## ########  ##     ##  ######  ########

You're about to initialize a Firebase project in this directory:

  C:\Users\koron\public\WebstormProjects\solar-monitoring-system

[debug] [2024-11-04T23:30:58.337Z] <<< [apiv2][status] GET https://firebase-public.firebaseio.com/cli.json 200
[debug] [2024-11-04T23:30:58.337Z] <<< [apiv2][body] GET https://firebase-public.firebaseio.com/cli.json {"cloudBuildErrorAfter":1594252800000,"cloudBuildWarnAfter":1590019200000,"defaultNode10After":1594252800000,"minVersion":"3.0.5","node8DeploysDisabledAfter":1613390400000,"node8RuntimeDisabledAfter":1615809600000,"node8WarnAfter":1600128000000}
